[2026-03-04T10:59:56.889Z] Aggregator: Fetching Polymarket data...
[2026-03-04T11:00:33.448Z] Aggregator: Fetching Polymarket data...
[2026-03-04T11:00:33.450Z] Aggregator: Fetching real SynthData for 7 assets
[2026-03-04T11:00:34.129Z] Aggregator ETH: condition found: {"type":"above","price1":2400}, prob=0.004750000000000032, raw_dist={"0.2":2003.09,"0.5":2068.26,"0.8":2135.72,"0.05":1943.4,"0.35":2038.61,"0.65":2099.11,"0.95":2200.9,"0.005":1873.32,"0.995":2280}
[2026-03-04T11:00:34.129Z] Aggregator ETH: condition found: {"type":"above","price1":2300}, prob=0.004956521739130415, raw_dist={"0.2":2003.09,"0.5":2068.26,"0.8":2135.72,"0.05":1943.4,"0.35":2038.61,"0.65":2099.11,"0.95":2200.9,"0.005":1873.32,"0.995":2280}
[2026-03-04T11:00:34.130Z] Aggregator ETH: condition found: {"type":"above","price1":2100}, prob=0.34635345534007145, raw_dist={"0.2":2003.09,"0.5":2068.26,"0.8":2135.72,"0.05":1943.4,"0.35":2038.61,"0.65":2099.11,"0.95":2200.9,"0.005":1873.32,"0.995":2280}
[2026-03-04T11:00:34.130Z] Aggregator ETH: condition found: {"type":"above","price1":1900}, prob=0.9778681506849315, raw_dist={"0.2":2003.09,"0.5":2068.26,"0.8":2135.72,"0.05":1943.4,"0.35":2038.61,"0.65":2099.11,"0.95":2200.9,"0.005":1873.32,"0.995":2280}
[2026-03-04T11:00:34.131Z] Aggregator ETH: condition found: {"type":"above","price1":2200}, prob=0.05207118748082262, raw_dist={"0.2":2003.09,"0.5":2068.26,"0.8":2135.72,"0.05":1943.4,"0.35":2038.61,"0.65":2099.11,"0.95":2200.9,"0.005":1873.32,"0.995":2280}
[2026-03-04T11:00:34.131Z] Aggregator ETH: condition found: {"type":"above","price1":1700}, prob=0.9954626011573036, raw_dist={"0.2":2003.09,"0.5":2068.26,"0.8":2135.72,"0.05":1943.4,"0.35":2038.61,"0.65":2099.11,"0.95":2200.9,"0.005":1873.32,"0.995":2280}
[2026-03-04T11:00:34.132Z] Aggregator ETH: condition found: {"type":"above","price1":2000}, prob=0.8077651197855584, raw_dist={"0.2":2003.09,"0.5":2068.26,"0.8":2135.72,"0.05":1943.4,"0.35":2038.61,"0.65":2099.11,"0.95":2200.9,"0.005":1873.32,"0.995":2280}
[2026-03-04T11:00:34.132Z] Aggregator ETH: condition found: {"type":"above","price1":1800}, prob=0.9951956953430273, raw_dist={"0.2":2003.09,"0.5":2068.26,"0.8":2135.72,"0.05":1943.4,"0.35":2038.61,"0.65":2099.11,"0.95":2200.9,"0.005":1873.32,"0.995":2280}
[2026-03-04T11:00:34.132Z] Aggregator ETH: condition found: {"type":"above","price1":2500}, prob=0.0045600000000000085, raw_dist={"0.2":2003.09,"0.5":2068.26,"0.8":2135.72,"0.05":1943.4,"0.35":2038.61,"0.65":2099.11,"0.95":2200.9,"0.005":1873.32,"0.995":2280}
[2026-03-04T11:00:34.133Z] Aggregator ETH: condition found: {"type":"above","price1":1500}, prob=0.9959964127858562, raw_dist={"0.2":2003.09,"0.5":2068.26,"0.8":2135.72,"0.05":1943.4,"0.35":2038.61,"0.65":2099.11,"0.95":2200.9,"0.005":1873.32,"0.995":2280}
[2026-03-04T11:00:34.133Z] Aggregator ETH: condition found: {"type":"between","price1":2300,"price2":2400}, prob=0.001, raw_dist={"0.2":2003.09,"0.5":2068.26,"0.8":2135.72,"0.05":1943.4,"0.35":2038.61,"0.65":2099.11,"0.95":2200.9,"0.005":1873.32,"0.995":2280}
[2026-03-04T11:00:34.133Z] Aggregator ETH: condition found: {"type":"above","price1":1600}, prob=0.9957295069715799, raw_dist={"0.2":2003.09,"0.5":2068.26,"0.8":2135.72,"0.05":1943.4,"0.35":2038.61,"0.65":2099.11,"0.95":2200.9,"0.005":1873.32,"0.995":2280}
[2026-03-04T11:00:34.134Z] Aggregator SOL: condition found: {"type":"above","price1":110}, prob=0.004645909090909117, raw_dist={"0.2":86.13,"0.5":89.67,"0.8":93.42,"0.05":82.63,"0.35":88.07,"0.65":91.35,"0.95":97.34,"0.005":78.62,"0.995":102.21}
[2026-03-04T11:00:34.134Z] Aggregator SOL: condition found: {"type":"above","price1":40}, prob=0.9974561180361231, raw_dist={"0.2":86.13,"0.5":89.67,"0.8":93.42,"0.05":82.63,"0.35":88.07,"0.65":91.35,"0.95":97.34,"0.005":78.62,"0.995":102.21}
[2026-03-04T11:00:34.134Z] Aggregator SOL: condition found: {"type":"above","price1":100}, prob=0.02542094455852162, raw_dist={"0.2":86.13,"0.5":89.67,"0.8":93.42,"0.05":82.63,"0.35":88.07,"0.65":91.35,"0.95":97.34,"0.005":78.62,"0.995":102.21}
[2026-03-04T11:00:34.135Z] Aggregator ETH: condition found: {"type":"between","price1":1600,"price2":1700}, prob=0.001, raw_dist={"0.2":2003.09,"0.5":2068.26,"0.8":2135.72,"0.05":1943.4,"0.35":2038.61,"0.65":2099.11,"0.95":2200.9,"0.005":1873.32,"0.995":2280}
[2026-03-04T11:00:34.135Z] Aggregator ETH: condition found: {"type":"below","price1":1600}, prob=0.004270493028420132, raw_dist={"0.2":2003.09,"0.5":2068.26,"0.8":2135.72,"0.05":1943.4,"0.35":2038.61,"0.65":2099.11,"0.95":2200.9,"0.005":1873.32,"0.995":2280}
[2026-03-04T11:00:34.135Z] Aggregator SOL: condition found: {"type":"above","price1":120}, prob=0.004258749999999978, raw_dist={"0.2":86.13,"0.5":89.67,"0.8":93.42,"0.05":82.63,"0.35":88.07,"0.65":91.35,"0.95":97.34,"0.005":78.62,"0.995":102.21}
[2026-03-04T11:00:34.136Z] Aggregator SOL: condition found: {"type":"above","price1":70}, prob=0.9955482065632155, raw_dist={"0.2":86.13,"0.5":89.67,"0.8":93.42,"0.05":82.63,"0.35":88.07,"0.65":91.35,"0.95":97.34,"0.005":78.62,"0.995":102.21}
[2026-03-04T11:00:34.136Z] Aggregator ETH: condition found: {"type":"between","price1":1900,"price2":2000}, prob=0.170103030899373, raw_dist={"0.2":2003.09,"0.5":2068.26,"0.8":2135.72,"0.05":1943.4,"0.35":2038.61,"0.65":2099.11,"0.95":2200.9,"0.005":1873.32,"0.995":2280}
[2026-03-04T11:00:34.136Z] Aggregator SOL: condition found: {"type":"above","price1":60}, prob=0.9961841770541847, raw_dist={"0.2":86.13,"0.5":89.67,"0.8":93.42,"0.05":82.63,"0.35":88.07,"0.65":91.35,"0.95":97.34,"0.005":78.62,"0.995":102.21}
[2026-03-04T11:00:34.137Z] Aggregator SOL: condition found: {"type":"above","price1":90}, prob=0.4705357142857143, raw_dist={"0.2":86.13,"0.5":89.67,"0.8":93.42,"0.05":82.63,"0.35":88.07,"0.65":91.35,"0.95":97.34,"0.005":78.62,"0.995":102.21}
[2026-03-04T11:00:34.137Z] Aggregator SOL: condition found: {"type":"between","price1":100,"price2":110}, prob=0.0207750354676125, raw_dist={"0.2":86.13,"0.5":89.67,"0.8":93.42,"0.05":82.63,"0.35":88.07,"0.65":91.35,"0.95":97.34,"0.005":78.62,"0.995":102.21}
[2026-03-04T11:00:34.137Z] Aggregator ETH: condition found: {"type":"between","price1":2100,"price2":2200}, prob=0.2942822678592488, raw_dist={"0.2":2003.09,"0.5":2068.26,"0.8":2135.72,"0.05":1943.4,"0.35":2038.61,"0.65":2099.11,"0.95":2200.9,"0.005":1873.32,"0.995":2280}
[2026-03-04T11:00:34.137Z] Aggregator ETH: condition found: {"type":"between","price1":1800,"price2":1900}, prob=0.01732754465809585, raw_dist={"0.2":2003.09,"0.5":2068.26,"0.8":2135.72,"0.05":1943.4,"0.35":2038.61,"0.65":2099.11,"0.95":2200.9,"0.005":1873.32,"0.995":2280}
[2026-03-04T11:00:34.138Z] Aggregator ETH: condition found: {"type":"between","price1":1700,"price2":1800}, prob=0.001, raw_dist={"0.2":2003.09,"0.5":2068.26,"0.8":2135.72,"0.05":1943.4,"0.35":2038.61,"0.65":2099.11,"0.95":2200.9,"0.005":1873.32,"0.995":2280}
[2026-03-04T11:00:34.138Z] Aggregator SOL: condition found: {"type":"above","price1":50}, prob=0.9968201475451539, raw_dist={"0.2":86.13,"0.5":89.67,"0.8":93.42,"0.05":82.63,"0.35":88.07,"0.65":91.35,"0.95":97.34,"0.005":78.62,"0.995":102.21}
[2026-03-04T11:00:34.139Z] Aggregator SOL: condition found: {"type":"above","price1":80}, prob=0.9795137157107232, raw_dist={"0.2":86.13,"0.5":89.67,"0.8":93.42,"0.05":82.63,"0.35":88.07,"0.65":91.35,"0.95":97.34,"0.005":78.62,"0.995":102.21}
[2026-03-04T11:00:34.139Z] Aggregator ETH: condition found: {"type":"between","price1":2400,"price2":2500}, prob=0.001, raw_dist={"0.2":2003.09,"0.5":2068.26,"0.8":2135.72,"0.05":1943.4,"0.35":2038.61,"0.65":2099.11,"0.95":2200.9,"0.005":1873.32,"0.995":2280}
[2026-03-04T11:00:34.139Z] Aggregator ETH: condition found: {"type":"above","price1":2500}, prob=0.0045600000000000085, raw_dist={"0.2":2003.09,"0.5":2068.26,"0.8":2135.72,"0.05":1943.4,"0.35":2038.61,"0.65":2099.11,"0.95":2200.9,"0.005":1873.32,"0.995":2280}
[2026-03-04T11:00:34.140Z] Aggregator SOL: condition found: {"type":"above","price1":130}, prob=0.003931153846153834, raw_dist={"0.2":86.13,"0.5":89.67,"0.8":93.42,"0.05":82.63,"0.35":88.07,"0.65":91.35,"0.95":97.34,"0.005":78.62,"0.995":102.21}
[2026-03-04T11:00:34.140Z] Aggregator SOL: condition found: {"type":"below","price1":40}, prob=0.0025438819638768763, raw_dist={"0.2":86.13,"0.5":89.67,"0.8":93.42,"0.05":82.63,"0.35":88.07,"0.65":91.35,"0.95":97.34,"0.005":78.62,"0.995":102.21}
[2026-03-04T11:00:34.140Z] Aggregator SOL: condition found: {"type":"above","price1":140}, prob=0.003650357142857108, raw_dist={"0.2":86.13,"0.5":89.67,"0.8":93.42,"0.05":82.63,"0.35":88.07,"0.65":91.35,"0.95":97.34,"0.005":78.62,"0.995":102.21}
[2026-03-04T11:00:34.140Z] Aggregator ETH: condition found: {"type":"between","price1":2200,"price2":2300}, prob=0.04711466574169221, raw_dist={"0.2":2003.09,"0.5":2068.26,"0.8":2135.72,"0.05":1943.4,"0.35":2038.61,"0.65":2099.11,"0.95":2200.9,"0.005":1873.32,"0.995":2280}
[2026-03-04T11:00:34.141Z] Aggregator SOL: condition found: {"type":"between","price1":60,"price2":70}, prob=0.001, raw_dist={"0.2":86.13,"0.5":89.67,"0.8":93.42,"0.05":82.63,"0.35":88.07,"0.65":91.35,"0.95":97.34,"0.005":78.62,"0.995":102.21}
[2026-03-04T11:00:34.141Z] Aggregator ETH: condition found: {"type":"between","price1":2000,"price2":2100}, prob=0.46141166444548704, raw_dist={"0.2":2003.09,"0.5":2068.26,"0.8":2135.72,"0.05":1943.4,"0.35":2038.61,"0.65":2099.11,"0.95":2200.9,"0.005":1873.32,"0.995":2280}
[2026-03-04T11:00:34.141Z] Aggregator SOL: condition found: {"type":"between","price1":110,"price2":120}, prob=0.001, raw_dist={"0.2":86.13,"0.5":89.67,"0.8":93.42,"0.05":82.63,"0.35":88.07,"0.65":91.35,"0.95":97.34,"0.005":78.62,"0.995":102.21}
[2026-03-04T11:00:34.142Z] Aggregator SOL: condition found: {"type":"between","price1":40,"price2":50}, prob=0.001, raw_dist={"0.2":86.13,"0.5":89.67,"0.8":93.42,"0.05":82.63,"0.35":88.07,"0.65":91.35,"0.95":97.34,"0.005":78.62,"0.995":102.21}
[2026-03-04T11:00:34.142Z] Aggregator SOL: condition found: {"type":"between","price1":90,"price2":100}, prob=0.44511476972719266, raw_dist={"0.2":86.13,"0.5":89.67,"0.8":93.42,"0.05":82.63,"0.35":88.07,"0.65":91.35,"0.95":97.34,"0.005":78.62,"0.995":102.21}
[2026-03-04T11:00:34.142Z] Aggregator SOL: condition found: {"type":"above","price1":130}, prob=0.003931153846153834, raw_dist={"0.2":86.13,"0.5":89.67,"0.8":93.42,"0.05":82.63,"0.35":88.07,"0.65":91.35,"0.95":97.34,"0.005":78.62,"0.995":102.21}
[2026-03-04T11:00:34.143Z] Aggregator SOL: condition found: {"type":"between","price1":70,"price2":80}, prob=0.016034490852492263, raw_dist={"0.2":86.13,"0.5":89.67,"0.8":93.42,"0.05":82.63,"0.35":88.07,"0.65":91.35,"0.95":97.34,"0.005":78.62,"0.995":102.21}
[2026-03-04T11:00:34.143Z] Aggregator SOL: condition found: {"type":"between","price1":50,"price2":60}, prob=0.001, raw_dist={"0.2":86.13,"0.5":89.67,"0.8":93.42,"0.05":82.63,"0.35":88.07,"0.65":91.35,"0.95":97.34,"0.005":78.62,"0.995":102.21}
[2026-03-04T11:00:34.143Z] Aggregator SOL: condition found: {"type":"between","price1":120,"price2":130}, prob=0.001, raw_dist={"0.2":86.13,"0.5":89.67,"0.8":93.42,"0.05":82.63,"0.35":88.07,"0.65":91.35,"0.95":97.34,"0.005":78.62,"0.995":102.21}
[2026-03-04T11:00:34.144Z] Aggregator SOL: condition found: {"type":"between","price1":80,"price2":90}, prob=0.5089780014250089, raw_dist={"0.2":86.13,"0.5":89.67,"0.8":93.42,"0.05":82.63,"0.35":88.07,"0.65":91.35,"0.95":97.34,"0.005":78.62,"0.995":102.21}
[2026-03-04T11:00:55.792Z] Aggregator: Fetching Polymarket data...
[2026-03-04T11:00:55.793Z] Aggregator: Fetching real SynthData for 7 assets
[2026-03-04T11:00:55.794Z] Aggregator ETH: condition found: {"type":"above","price1":2400}, prob=0.004750000000000032, raw_dist={"0.2":2003.09,"0.5":2068.26,"0.8":2135.72,"0.05":1943.4,"0.35":2038.61,"0.65":2099.11,"0.95":2200.9,"0.005":1873.32,"0.995":2280}
[2026-03-04T11:00:55.795Z] Aggregator ETH: condition found: {"type":"above","price1":2300}, prob=0.004956521739130415, raw_dist={"0.2":2003.09,"0.5":2068.26,"0.8":2135.72,"0.05":1943.4,"0.35":2038.61,"0.65":2099.11,"0.95":2200.9,"0.005":1873.32,"0.995":2280}
[2026-03-04T11:00:55.795Z] Aggregator ETH: condition found: {"type":"above","price1":2100}, prob=0.34635345534007145, raw_dist={"0.2":2003.09,"0.5":2068.26,"0.8":2135.72,"0.05":1943.4,"0.35":2038.61,"0.65":2099.11,"0.95":2200.9,"0.005":1873.32,"0.995":2280}
[2026-03-04T11:00:55.796Z] Aggregator ETH: condition found: {"type":"above","price1":1900}, prob=0.9778681506849315, raw_dist={"0.2":2003.09,"0.5":2068.26,"0.8":2135.72,"0.05":1943.4,"0.35":2038.61,"0.65":2099.11,"0.95":2200.9,"0.005":1873.32,"0.995":2280}
[2026-03-04T11:00:55.796Z] Aggregator ETH: condition found: {"type":"above","price1":2200}, prob=0.05207118748082262, raw_dist={"0.2":2003.09,"0.5":2068.26,"0.8":2135.72,"0.05":1943.4,"0.35":2038.61,"0.65":2099.11,"0.95":2200.9,"0.005":1873.32,"0.995":2280}
[2026-03-04T11:00:55.796Z] Aggregator ETH: condition found: {"type":"above","price1":1700}, prob=0.9954626011573036, raw_dist={"0.2":2003.09,"0.5":2068.26,"0.8":2135.72,"0.05":1943.4,"0.35":2038.61,"0.65":2099.11,"0.95":2200.9,"0.005":1873.32,"0.995":2280}
[2026-03-04T11:00:55.797Z] Aggregator ETH: condition found: {"type":"above","price1":2000}, prob=0.8077651197855584, raw_dist={"0.2":2003.09,"0.5":2068.26,"0.8":2135.72,"0.05":1943.4,"0.35":2038.61,"0.65":2099.11,"0.95":2200.9,"0.005":1873.32,"0.995":2280}
[2026-03-04T11:00:55.797Z] Aggregator ETH: condition found: {"type":"above","price1":1800}, prob=0.9951956953430273, raw_dist={"0.2":2003.09,"0.5":2068.26,"0.8":2135.72,"0.05":1943.4,"0.35":2038.61,"0.65":2099.11,"0.95":2200.9,"0.005":1873.32,"0.995":2280}
[2026-03-04T11:00:55.798Z] Aggregator ETH: condition found: {"type":"above","price1":2500}, prob=0.0045600000000000085, raw_dist={"0.2":2003.09,"0.5":2068.26,"0.8":2135.72,"0.05":1943.4,"0.35":2038.61,"0.65":2099.11,"0.95":2200.9,"0.005":1873.32,"0.995":2280}
[2026-03-04T11:00:55.798Z] Aggregator ETH: condition found: {"type":"above","price1":1500}, prob=0.9959964127858562, raw_dist={"0.2":2003.09,"0.5":2068.26,"0.8":2135.72,"0.05":1943.4,"0.35":2038.61,"0.65":2099.11,"0.95":2200.9,"0.005":1873.32,"0.995":2280}
[2026-03-04T11:00:55.798Z] Aggregator ETH: condition found: {"type":"between","price1":2300,"price2":2400}, prob=0.001, raw_dist={"0.2":2003.09,"0.5":2068.26,"0.8":2135.72,"0.05":1943.4,"0.35":2038.61,"0.65":2099.11,"0.95":2200.9,"0.005":1873.32,"0.995":2280}
[2026-03-04T11:00:55.799Z] Aggregator ETH: condition found: {"type":"above","price1":1600}, prob=0.9957295069715799, raw_dist={"0.2":2003.09,"0.5":2068.26,"0.8":2135.72,"0.05":1943.4,"0.35":2038.61,"0.65":2099.11,"0.95":2200.9,"0.005":1873.32,"0.995":2280}
[2026-03-04T11:00:55.799Z] Aggregator SOL: condition found: {"type":"above","price1":110}, prob=0.004645909090909117, raw_dist={"0.2":86.13,"0.5":89.67,"0.8":93.42,"0.05":82.63,"0.35":88.07,"0.65":91.35,"0.95":97.34,"0.005":78.62,"0.995":102.21}
[2026-03-04T11:00:55.800Z] Aggregator SOL: condition found: {"type":"above","price1":40}, prob=0.9974561180361231, raw_dist={"0.2":86.13,"0.5":89.67,"0.8":93.42,"0.05":82.63,"0.35":88.07,"0.65":91.35,"0.95":97.34,"0.005":78.62,"0.995":102.21}
[2026-03-04T11:00:55.801Z] Aggregator SOL: condition found: {"type":"above","price1":100}, prob=0.02542094455852162, raw_dist={"0.2":86.13,"0.5":89.67,"0.8":93.42,"0.05":82.63,"0.35":88.07,"0.65":91.35,"0.95":97.34,"0.005":78.62,"0.995":102.21}
[2026-03-04T11:00:55.801Z] Aggregator ETH: condition found: {"type":"between","price1":1600,"price2":1700}, prob=0.001, raw_dist={"0.2":2003.09,"0.5":2068.26,"0.8":2135.72,"0.05":1943.4,"0.35":2038.61,"0.65":2099.11,"0.95":2200.9,"0.005":1873.32,"0.995":2280}
[2026-03-04T11:00:55.802Z] Aggregator ETH: condition found: {"type":"below","price1":1600}, prob=0.004270493028420132, raw_dist={"0.2":2003.09,"0.5":2068.26,"0.8":2135.72,"0.05":1943.4,"0.35":2038.61,"0.65":2099.11,"0.95":2200.9,"0.005":1873.32,"0.995":2280}
[2026-03-04T11:00:55.802Z] Aggregator SOL: condition found: {"type":"above","price1":120}, prob=0.004258749999999978, raw_dist={"0.2":86.13,"0.5":89.67,"0.8":93.42,"0.05":82.63,"0.35":88.07,"0.65":91.35,"0.95":97.34,"0.005":78.62,"0.995":102.21}
[2026-03-04T11:00:55.803Z] Aggregator SOL: condition found: {"type":"above","price1":70}, prob=0.9955482065632155, raw_dist={"0.2":86.13,"0.5":89.67,"0.8":93.42,"0.05":82.63,"0.35":88.07,"0.65":91.35,"0.95":97.34,"0.005":78.62,"0.995":102.21}
[2026-03-04T11:00:55.803Z] Aggregator ETH: condition found: {"type":"between","price1":1900,"price2":2000}, prob=0.170103030899373, raw_dist={"0.2":2003.09,"0.5":2068.26,"0.8":2135.72,"0.05":1943.4,"0.35":2038.61,"0.65":2099.11,"0.95":2200.9,"0.005":1873.32,"0.995":2280}
[2026-03-04T11:00:55.804Z] Aggregator SOL: condition found: {"type":"above","price1":60}, prob=0.9961841770541847, raw_dist={"0.2":86.13,"0.5":89.67,"0.8":93.42,"0.05":82.63,"0.35":88.07,"0.65":91.35,"0.95":97.34,"0.005":78.62,"0.995":102.21}
[2026-03-04T11:00:55.804Z] Aggregator SOL: condition found: {"type":"above","price1":90}, prob=0.4705357142857143, raw_dist={"0.2":86.13,"0.5":89.67,"0.8":93.42,"0.05":82.63,"0.35":88.07,"0.65":91.35,"0.95":97.34,"0.005":78.62,"0.995":102.21}
[2026-03-04T11:00:55.804Z] Aggregator SOL: condition found: {"type":"between","price1":100,"price2":110}, prob=0.0207750354676125, raw_dist={"0.2":86.13,"0.5":89.67,"0.8":93.42,"0.05":82.63,"0.35":88.07,"0.65":91.35,"0.95":97.34,"0.005":78.62,"0.995":102.21}
[2026-03-04T11:00:55.805Z] Aggregator ETH: condition found: {"type":"between","price1":2100,"price2":2200}, prob=0.2942822678592488, raw_dist={"0.2":2003.09,"0.5":2068.26,"0.8":2135.72,"0.05":1943.4,"0.35":2038.61,"0.65":2099.11,"0.95":2200.9,"0.005":1873.32,"0.995":2280}
[2026-03-04T11:00:55.805Z] Aggregator ETH: condition found: {"type":"between","price1":1800,"price2":1900}, prob=0.01732754465809585, raw_dist={"0.2":2003.09,"0.5":2068.26,"0.8":2135.72,"0.05":1943.4,"0.35":2038.61,"0.65":2099.11,"0.95":2200.9,"0.005":1873.32,"0.995":2280}
[2026-03-04T11:00:55.805Z] Aggregator ETH: condition found: {"type":"between","price1":1700,"price2":1800}, prob=0.001, raw_dist={"0.2":2003.09,"0.5":2068.26,"0.8":2135.72,"0.05":1943.4,"0.35":2038.61,"0.65":2099.11,"0.95":2200.9,"0.005":1873.32,"0.995":2280}
[2026-03-04T11:00:55.806Z] Aggregator SOL: condition found: {"type":"above","price1":50}, prob=0.9968201475451539, raw_dist={"0.2":86.13,"0.5":89.67,"0.8":93.42,"0.05":82.63,"0.35":88.07,"0.65":91.35,"0.95":97.34,"0.005":78.62,"0.995":102.21}
[2026-03-04T11:00:55.806Z] Aggregator SOL: condition found: {"type":"above","price1":80}, prob=0.9795137157107232, raw_dist={"0.2":86.13,"0.5":89.67,"0.8":93.42,"0.05":82.63,"0.35":88.07,"0.65":91.35,"0.95":97.34,"0.005":78.62,"0.995":102.21}
[2026-03-04T11:00:55.807Z] Aggregator ETH: condition found: {"type":"between","price1":2400,"price2":2500}, prob=0.001, raw_dist={"0.2":2003.09,"0.5":2068.26,"0.8":2135.72,"0.05":1943.4,"0.35":2038.61,"0.65":2099.11,"0.95":2200.9,"0.005":1873.32,"0.995":2280}
[2026-03-04T11:00:55.807Z] Aggregator ETH: condition found: {"type":"above","price1":2500}, prob=0.0045600000000000085, raw_dist={"0.2":2003.09,"0.5":2068.26,"0.8":2135.72,"0.05":1943.4,"0.35":2038.61,"0.65":2099.11,"0.95":2200.9,"0.005":1873.32,"0.995":2280}
[2026-03-04T11:00:55.807Z] Aggregator SOL: condition found: {"type":"above","price1":130}, prob=0.003931153846153834, raw_dist={"0.2":86.13,"0.5":89.67,"0.8":93.42,"0.05":82.63,"0.35":88.07,"0.65":91.35,"0.95":97.34,"0.005":78.62,"0.995":102.21}
[2026-03-04T11:00:55.808Z] Aggregator SOL: condition found: {"type":"below","price1":40}, prob=0.0025438819638768763, raw_dist={"0.2":86.13,"0.5":89.67,"0.8":93.42,"0.05":82.63,"0.35":88.07,"0.65":91.35,"0.95":97.34,"0.005":78.62,"0.995":102.21}
[2026-03-04T11:00:55.808Z] Aggregator SOL: condition found: {"type":"above","price1":140}, prob=0.003650357142857108, raw_dist={"0.2":86.13,"0.5":89.67,"0.8":93.42,"0.05":82.63,"0.35":88.07,"0.65":91.35,"0.95":97.34,"0.005":78.62,"0.995":102.21}
[2026-03-04T11:00:55.809Z] Aggregator ETH: condition found: {"type":"between","price1":2200,"price2":2300}, prob=0.04711466574169221, raw_dist={"0.2":2003.09,"0.5":2068.26,"0.8":2135.72,"0.05":1943.4,"0.35":2038.61,"0.65":2099.11,"0.95":2200.9,"0.005":1873.32,"0.995":2280}
[2026-03-04T11:00:55.809Z] Aggregator SOL: condition found: {"type":"between","price1":60,"price2":70}, prob=0.001, raw_dist={"0.2":86.13,"0.5":89.67,"0.8":93.42,"0.05":82.63,"0.35":88.07,"0.65":91.35,"0.95":97.34,"0.005":78.62,"0.995":102.21}
[2026-03-04T11:00:55.809Z] Aggregator ETH: condition found: {"type":"between","price1":2000,"price2":2100}, prob=0.46141166444548704, raw_dist={"0.2":2003.09,"0.5":2068.26,"0.8":2135.72,"0.05":1943.4,"0.35":2038.61,"0.65":2099.11,"0.95":2200.9,"0.005":1873.32,"0.995":2280}
[2026-03-04T11:00:55.810Z] Aggregator SOL: condition found: {"type":"between","price1":110,"price2":120}, prob=0.001, raw_dist={"0.2":86.13,"0.5":89.67,"0.8":93.42,"0.05":82.63,"0.35":88.07,"0.65":91.35,"0.95":97.34,"0.005":78.62,"0.995":102.21}
[2026-03-04T11:00:55.810Z] Aggregator SOL: condition found: {"type":"between","price1":40,"price2":50}, prob=0.001, raw_dist={"0.2":86.13,"0.5":89.67,"0.8":93.42,"0.05":82.63,"0.35":88.07,"0.65":91.35,"0.95":97.34,"0.005":78.62,"0.995":102.21}
[2026-03-04T11:00:55.811Z] Aggregator SOL: condition found: {"type":"between","price1":90,"price2":100}, prob=0.44511476972719266, raw_dist={"0.2":86.13,"0.5":89.67,"0.8":93.42,"0.05":82.63,"0.35":88.07,"0.65":91.35,"0.95":97.34,"0.005":78.62,"0.995":102.21}
[2026-03-04T11:00:55.811Z] Aggregator SOL: condition found: {"type":"above","price1":130}, prob=0.003931153846153834, raw_dist={"0.2":86.13,"0.5":89.67,"0.8":93.42,"0.05":82.63,"0.35":88.07,"0.65":91.35,"0.95":97.34,"0.005":78.62,"0.995":102.21}
[2026-03-04T11:00:55.811Z] Aggregator SOL: condition found: {"type":"between","price1":70,"price2":80}, prob=0.016034490852492263, raw_dist={"0.2":86.13,"0.5":89.67,"0.8":93.42,"0.05":82.63,"0.35":88.07,"0.65":91.35,"0.95":97.34,"0.005":78.62,"0.995":102.21}
[2026-03-04T11:00:55.812Z] Aggregator SOL: condition found: {"type":"between","price1":50,"price2":60}, prob=0.001, raw_dist={"0.2":86.13,"0.5":89.67,"0.8":93.42,"0.05":82.63,"0.35":88.07,"0.65":91.35,"0.95":97.34,"0.005":78.62,"0.995":102.21}
[2026-03-04T11:00:55.812Z] Aggregator SOL: condition found: {"type":"between","price1":120,"price2":130}, prob=0.001, raw_dist={"0.2":86.13,"0.5":89.67,"0.8":93.42,"0.05":82.63,"0.35":88.07,"0.65":91.35,"0.95":97.34,"0.005":78.62,"0.995":102.21}
[2026-03-04T11:00:55.813Z] Aggregator SOL: condition found: {"type":"between","price1":80,"price2":90}, prob=0.5089780014250089, raw_dist={"0.2":86.13,"0.5":89.67,"0.8":93.42,"0.05":82.63,"0.35":88.07,"0.65":91.35,"0.95":97.34,"0.005":78.62,"0.995":102.21}
[2026-03-04T11:01:57.115Z] Aggregator: Fetching Polymarket data...
[2026-03-04T11:01:57.133Z] Aggregator: Fetching real SynthData for 7 assets
[2026-03-04T11:01:57.874Z] Aggregator ETH: condition found: {"type":"above","price1":2400}, prob=0.004744770833333356, raw_dist={"0.2":2000.58,"0.5":2065.75,"0.8":2133.21,"0.05":1940.89,"0.35":2036.1,"0.65":2096.59,"0.95":2198.39,"0.005":1870.81,"0.995":2277.49}
[2026-03-04T11:01:57.875Z] Aggregator ETH: condition found: {"type":"above","price1":2300}, prob=0.004951065217391304, raw_dist={"0.2":2000.58,"0.5":2065.75,"0.8":2133.21,"0.05":1940.89,"0.35":2036.1,"0.65":2096.59,"0.95":2198.39,"0.005":1870.81,"0.995":2277.49}
[2026-03-04T11:01:57.875Z] Aggregator ETH: condition found: {"type":"above","price1":2100}, prob=0.33603222282905565, raw_dist={"0.2":2000.58,"0.5":2065.75,"0.8":2133.21,"0.05":1940.89,"0.35":2036.1,"0.65":2096.59,"0.95":2198.39,"0.005":1870.81,"0.995":2277.49}
[2026-03-04T11:01:57.875Z] Aggregator ETH: condition found: {"type":"above","price1":1900}, prob=0.9762564212328767, raw_dist={"0.2":2000.58,"0.5":2065.75,"0.8":2133.21,"0.05":1940.89,"0.35":2036.1,"0.65":2096.59,"0.95":2198.39,"0.005":1870.81,"0.995":2277.49}
[2026-03-04T11:01:57.876Z] Aggregator ETH: condition found: {"type":"above","price1":2200}, prob=0.049084070796460155, raw_dist={"0.2":2000.58,"0.5":2065.75,"0.8":2133.21,"0.05":1940.89,"0.35":2036.1,"0.65":2096.59,"0.95":2198.39,"0.005":1870.81,"0.995":2277.49}
[2026-03-04T11:01:57.876Z] Aggregator ETH: condition found: {"type":"above","price1":1700}, prob=0.9954565134888097, raw_dist={"0.2":2000.58,"0.5":2065.75,"0.8":2133.21,"0.05":1940.89,"0.35":2036.1,"0.65":2096.59,"0.95":2198.39,"0.005":1870.81,"0.995":2277.49}
[2026-03-04T11:01:57.876Z] Aggregator ETH: condition found: {"type":"above","price1":2000}, prob=0.8014575305746354, raw_dist={"0.2":2000.58,"0.5":2065.75,"0.8":2133.21,"0.05":1940.89,"0.35":2036.1,"0.65":2096.59,"0.95":2198.39,"0.005":1870.81,"0.995":2277.49}
[2026-03-04T11:01:57.877Z] Aggregator ETH: condition found: {"type":"above","price1":1800}, prob=0.9951892495763867, raw_dist={"0.2":2000.58,"0.5":2065.75,"0.8":2133.21,"0.05":1940.89,"0.35":2036.1,"0.65":2096.59,"0.95":2198.39,"0.005":1870.81,"0.995":2277.49}
[2026-03-04T11:01:57.877Z] Aggregator ETH: condition found: {"type":"above","price1":2500}, prob=0.004554979999999986, raw_dist={"0.2":2000.58,"0.5":2065.75,"0.8":2133.21,"0.05":1940.89,"0.35":2036.1,"0.65":2096.59,"0.95":2198.39,"0.005":1870.81,"0.995":2277.49}
[2026-03-04T11:01:57.877Z] Aggregator ETH: condition found: {"type":"above","price1":1500}, prob=0.9959910413136556, raw_dist={"0.2":2000.58,"0.5":2065.75,"0.8":2133.21,"0.05":1940.89,"0.35":2036.1,"0.65":2096.59,"0.95":2198.39,"0.005":1870.81,"0.995":2277.49}
[2026-03-04T11:01:57.878Z] Aggregator ETH: condition found: {"type":"between","price1":2300,"price2":2400}, prob=0.001, raw_dist={"0.2":2000.58,"0.5":2065.75,"0.8":2133.21,"0.05":1940.89,"0.35":2036.1,"0.65":2096.59,"0.95":2198.39,"0.005":1870.81,"0.995":2277.49}
[2026-03-04T11:01:57.878Z] Aggregator ETH: condition found: {"type":"above","price1":1600}, prob=0.9957237774012326, raw_dist={"0.2":2000.58,"0.5":2065.75,"0.8":2133.21,"0.05":1940.89,"0.35":2036.1,"0.65":2096.59,"0.95":2198.39,"0.005":1870.81,"0.995":2277.49}
[2026-03-04T11:01:57.878Z] Aggregator SOL: No distribution/sd found. sd=true, dist=false
[2026-03-04T11:01:57.879Z] Aggregator SOL: No distribution/sd found. sd=true, dist=false
[2026-03-04T11:01:57.879Z] Aggregator SOL: No distribution/sd found. sd=true, dist=false
[2026-03-04T11:01:57.880Z] Aggregator ETH: condition found: {"type":"between","price1":1600,"price2":1700}, prob=0.001, raw_dist={"0.2":2000.58,"0.5":2065.75,"0.8":2133.21,"0.05":1940.89,"0.35":2036.1,"0.65":2096.59,"0.95":2198.39,"0.005":1870.81,"0.995":2277.49}
[2026-03-04T11:01:57.880Z] Aggregator ETH: condition found: {"type":"below","price1":1600}, prob=0.004276222598767379, raw_dist={"0.2":2000.58,"0.5":2065.75,"0.8":2133.21,"0.05":1940.89,"0.35":2036.1,"0.65":2096.59,"0.95":2198.39,"0.005":1870.81,"0.995":2277.49}
[2026-03-04T11:01:57.880Z] Aggregator SOL: No distribution/sd found. sd=true, dist=false
[2026-03-04T11:01:57.881Z] Aggregator SOL: No distribution/sd found. sd=true, dist=false
[2026-03-04T11:01:57.881Z] Aggregator ETH: condition found: {"type":"between","price1":1900,"price2":2000}, prob=0.17479889065824128, raw_dist={"0.2":2000.58,"0.5":2065.75,"0.8":2133.21,"0.05":1940.89,"0.35":2036.1,"0.65":2096.59,"0.95":2198.39,"0.005":1870.81,"0.995":2277.49}
[2026-03-04T11:01:57.881Z] Aggregator SOL: No distribution/sd found. sd=true, dist=false
[2026-03-04T11:01:57.882Z] Aggregator SOL: No distribution/sd found. sd=true, dist=false
[2026-03-04T11:01:57.882Z] Aggregator SOL: No distribution/sd found. sd=true, dist=false
[2026-03-04T11:01:57.882Z] Aggregator ETH: condition found: {"type":"between","price1":2100,"price2":2200}, prob=0.2869481520325955, raw_dist={"0.2":2000.58,"0.5":2065.75,"0.8":2133.21,"0.05":1940.89,"0.35":2036.1,"0.65":2096.59,"0.95":2198.39,"0.005":1870.81,"0.995":2277.49}
[2026-03-04T11:01:57.883Z] Aggregator ETH: condition found: {"type":"between","price1":1800,"price2":1900}, prob=0.018932828343509983, raw_dist={"0.2":2000.58,"0.5":2065.75,"0.8":2133.21,"0.05":1940.89,"0.35":2036.1,"0.65":2096.59,"0.95":2198.39,"0.005":1870.81,"0.995":2277.49}
[2026-03-04T11:01:57.883Z] Aggregator ETH: condition found: {"type":"between","price1":1700,"price2":1800}, prob=0.001, raw_dist={"0.2":2000.58,"0.5":2065.75,"0.8":2133.21,"0.05":1940.89,"0.35":2036.1,"0.65":2096.59,"0.95":2198.39,"0.005":1870.81,"0.995":2277.49}
[2026-03-04T11:01:57.884Z] Aggregator SOL: No distribution/sd found. sd=true, dist=false
[2026-03-04T11:01:57.884Z] Aggregator SOL: No distribution/sd found. sd=true, dist=false
[2026-03-04T11:01:57.884Z] Aggregator ETH: condition found: {"type":"between","price1":2400,"price2":2500}, prob=0.001, raw_dist={"0.2":2000.58,"0.5":2065.75,"0.8":2133.21,"0.05":1940.89,"0.35":2036.1,"0.65":2096.59,"0.95":2198.39,"0.005":1870.81,"0.995":2277.49}
[2026-03-04T11:01:57.885Z] Aggregator ETH: condition found: {"type":"above","price1":2500}, prob=0.004554979999999986, raw_dist={"0.2":2000.58,"0.5":2065.75,"0.8":2133.21,"0.05":1940.89,"0.35":2036.1,"0.65":2096.59,"0.95":2198.39,"0.005":1870.81,"0.995":2277.49}
[2026-03-04T11:01:57.885Z] Aggregator SOL: No distribution/sd found. sd=true, dist=false
[2026-03-04T11:01:57.885Z] Aggregator SOL: No distribution/sd found. sd=true, dist=false
[2026-03-04T11:01:57.886Z] Aggregator SOL: No distribution/sd found. sd=true, dist=false
[2026-03-04T11:01:57.886Z] Aggregator ETH: condition found: {"type":"between","price1":2200,"price2":2300}, prob=0.04413300557906885, raw_dist={"0.2":2000.58,"0.5":2065.75,"0.8":2133.21,"0.05":1940.89,"0.35":2036.1,"0.65":2096.59,"0.95":2198.39,"0.005":1870.81,"0.995":2277.49}
[2026-03-04T11:01:57.886Z] Aggregator SOL: No distribution/sd found. sd=true, dist=false
[2026-03-04T11:01:57.887Z] Aggregator ETH: condition found: {"type":"between","price1":2000,"price2":2100}, prob=0.4654253077455798, raw_dist={"0.2":2000.58,"0.5":2065.75,"0.8":2133.21,"0.05":1940.89,"0.35":2036.1,"0.65":2096.59,"0.95":2198.39,"0.005":1870.81,"0.995":2277.49}
[2026-03-04T11:01:57.887Z] Aggregator SOL: No distribution/sd found. sd=true, dist=false
[2026-03-04T11:01:57.887Z] Aggregator SOL: No distribution/sd found. sd=true, dist=false
[2026-03-04T11:01:57.888Z] Aggregator SOL: No distribution/sd found. sd=true, dist=false
[2026-03-04T11:01:57.888Z] Aggregator SOL: No distribution/sd found. sd=true, dist=false
[2026-03-04T11:01:57.888Z] Aggregator SOL: No distribution/sd found. sd=true, dist=false
[2026-03-04T11:01:57.889Z] Aggregator SOL: No distribution/sd found. sd=true, dist=false
[2026-03-04T11:01:57.889Z] Aggregator SOL: No distribution/sd found. sd=true, dist=false
[2026-03-04T11:01:57.889Z] Aggregator SOL: No distribution/sd found. sd=true, dist=false
[2026-03-04T11:02:55.803Z] Aggregator: Fetching Polymarket data...
[2026-03-04T11:02:55.804Z] Aggregator: Fetching real SynthData for 7 assets
[2026-03-04T11:02:55.806Z] Aggregator ETH: condition found: {"type":"above","price1":2400}, prob=0.004744770833333356, raw_dist={"0.2":2000.58,"0.5":2065.75,"0.8":2133.21,"0.05":1940.89,"0.35":2036.1,"0.65":2096.59,"0.95":2198.39,"0.005":1870.81,"0.995":2277.49}
[2026-03-04T11:02:55.806Z] Aggregator ETH: condition found: {"type":"above","price1":2300}, prob=0.004951065217391304, raw_dist={"0.2":2000.58,"0.5":2065.75,"0.8":2133.21,"0.05":1940.89,"0.35":2036.1,"0.65":2096.59,"0.95":2198.39,"0.005":1870.81,"0.995":2277.49}
[2026-03-04T11:02:55.807Z] Aggregator ETH: condition found: {"type":"above","price1":2100}, prob=0.33603222282905565, raw_dist={"0.2":2000.58,"0.5":2065.75,"0.8":2133.21,"0.05":1940.89,"0.35":2036.1,"0.65":2096.59,"0.95":2198.39,"0.005":1870.81,"0.995":2277.49}
[2026-03-04T11:02:55.807Z] Aggregator ETH: condition found: {"type":"above","price1":1900}, prob=0.9762564212328767, raw_dist={"0.2":2000.58,"0.5":2065.75,"0.8":2133.21,"0.05":1940.89,"0.35":2036.1,"0.65":2096.59,"0.95":2198.39,"0.005":1870.81,"0.995":2277.49}
[2026-03-04T11:02:55.807Z] Aggregator ETH: condition found: {"type":"above","price1":2200}, prob=0.049084070796460155, raw_dist={"0.2":2000.58,"0.5":2065.75,"0.8":2133.21,"0.05":1940.89,"0.35":2036.1,"0.65":2096.59,"0.95":2198.39,"0.005":1870.81,"0.995":2277.49}
[2026-03-04T11:02:55.808Z] Aggregator ETH: condition found: {"type":"above","price1":1700}, prob=0.9954565134888097, raw_dist={"0.2":2000.58,"0.5":2065.75,"0.8":2133.21,"0.05":1940.89,"0.35":2036.1,"0.65":2096.59,"0.95":2198.39,"0.005":1870.81,"0.995":2277.49}
[2026-03-04T11:02:55.808Z] Aggregator ETH: condition found: {"type":"above","price1":2000}, prob=0.8014575305746354, raw_dist={"0.2":2000.58,"0.5":2065.75,"0.8":2133.21,"0.05":1940.89,"0.35":2036.1,"0.65":2096.59,"0.95":2198.39,"0.005":1870.81,"0.995":2277.49}
[2026-03-04T11:02:55.809Z] Aggregator ETH: condition found: {"type":"above","price1":1800}, prob=0.9951892495763867, raw_dist={"0.2":2000.58,"0.5":2065.75,"0.8":2133.21,"0.05":1940.89,"0.35":2036.1,"0.65":2096.59,"0.95":2198.39,"0.005":1870.81,"0.995":2277.49}
[2026-03-04T11:02:55.809Z] Aggregator ETH: condition found: {"type":"above","price1":2500}, prob=0.004554979999999986, raw_dist={"0.2":2000.58,"0.5":2065.75,"0.8":2133.21,"0.05":1940.89,"0.35":2036.1,"0.65":2096.59,"0.95":2198.39,"0.005":1870.81,"0.995":2277.49}
[2026-03-04T11:02:55.810Z] Aggregator ETH: condition found: {"type":"above","price1":1500}, prob=0.9959910413136556, raw_dist={"0.2":2000.58,"0.5":2065.75,"0.8":2133.21,"0.05":1940.89,"0.35":2036.1,"0.65":2096.59,"0.95":2198.39,"0.005":1870.81,"0.995":2277.49}
[2026-03-04T11:02:55.811Z] Aggregator ETH: condition found: {"type":"between","price1":2300,"price2":2400}, prob=0.001, raw_dist={"0.2":2000.58,"0.5":2065.75,"0.8":2133.21,"0.05":1940.89,"0.35":2036.1,"0.65":2096.59,"0.95":2198.39,"0.005":1870.81,"0.995":2277.49}
[2026-03-04T11:02:55.811Z] Aggregator ETH: condition found: {"type":"above","price1":1600}, prob=0.9957237774012326, raw_dist={"0.2":2000.58,"0.5":2065.75,"0.8":2133.21,"0.05":1940.89,"0.35":2036.1,"0.65":2096.59,"0.95":2198.39,"0.005":1870.81,"0.995":2277.49}
[2026-03-04T11:02:55.812Z] Aggregator SOL: No distribution/sd found. sd=true, dist=false
[2026-03-04T11:02:55.812Z] Aggregator SOL: No distribution/sd found. sd=true, dist=false
[2026-03-04T11:02:55.813Z] Aggregator SOL: No distribution/sd found. sd=true, dist=false
[2026-03-04T11:02:55.813Z] Aggregator ETH: condition found: {"type":"between","price1":1600,"price2":1700}, prob=0.001, raw_dist={"0.2":2000.58,"0.5":2065.75,"0.8":2133.21,"0.05":1940.89,"0.35":2036.1,"0.65":2096.59,"0.95":2198.39,"0.005":1870.81,"0.995":2277.49}
[2026-03-04T11:02:55.814Z] Aggregator ETH: condition found: {"type":"below","price1":1600}, prob=0.004276222598767379, raw_dist={"0.2":2000.58,"0.5":2065.75,"0.8":2133.21,"0.05":1940.89,"0.35":2036.1,"0.65":2096.59,"0.95":2198.39,"0.005":1870.81,"0.995":2277.49}
[2026-03-04T11:02:55.815Z] Aggregator SOL: No distribution/sd found. sd=true, dist=false
[2026-03-04T11:02:55.815Z] Aggregator SOL: No distribution/sd found. sd=true, dist=false
[2026-03-04T11:02:55.816Z] Aggregator ETH: condition found: {"type":"between","price1":1900,"price2":2000}, prob=0.17479889065824128, raw_dist={"0.2":2000.58,"0.5":2065.75,"0.8":2133.21,"0.05":1940.89,"0.35":2036.1,"0.65":2096.59,"0.95":2198.39,"0.005":1870.81,"0.995":2277.49}
[2026-03-04T11:02:55.816Z] Aggregator SOL: No distribution/sd found. sd=true, dist=false
[2026-03-04T11:02:55.816Z] Aggregator SOL: No distribution/sd found. sd=true, dist=false
[2026-03-04T11:02:55.817Z] Aggregator SOL: No distribution/sd found. sd=true, dist=false
[2026-03-04T11:02:55.817Z] Aggregator ETH: condition found: {"type":"between","price1":2100,"price2":2200}, prob=0.2869481520325955, raw_dist={"0.2":2000.58,"0.5":2065.75,"0.8":2133.21,"0.05":1940.89,"0.35":2036.1,"0.65":2096.59,"0.95":2198.39,"0.005":1870.81,"0.995":2277.49}
[2026-03-04T11:02:55.818Z] Aggregator ETH: condition found: {"type":"between","price1":1800,"price2":1900}, prob=0.018932828343509983, raw_dist={"0.2":2000.58,"0.5":2065.75,"0.8":2133.21,"0.05":1940.89,"0.35":2036.1,"0.65":2096.59,"0.95":2198.39,"0.005":1870.81,"0.995":2277.49}
[2026-03-04T11:02:55.818Z] Aggregator ETH: condition found: {"type":"between","price1":1700,"price2":1800}, prob=0.001, raw_dist={"0.2":2000.58,"0.5":2065.75,"0.8":2133.21,"0.05":1940.89,"0.35":2036.1,"0.65":2096.59,"0.95":2198.39,"0.005":1870.81,"0.995":2277.49}
[2026-03-04T11:02:55.818Z] Aggregator SOL: No distribution/sd found. sd=true, dist=false
[2026-03-04T11:02:55.819Z] Aggregator SOL: No distribution/sd found. sd=true, dist=false
[2026-03-04T11:02:55.819Z] Aggregator ETH: condition found: {"type":"between","price1":2400,"price2":2500}, prob=0.001, raw_dist={"0.2":2000.58,"0.5":2065.75,"0.8":2133.21,"0.05":1940.89,"0.35":2036.1,"0.65":2096.59,"0.95":2198.39,"0.005":1870.81,"0.995":2277.49}
[2026-03-04T11:02:55.819Z] Aggregator ETH: condition found: {"type":"above","price1":2500}, prob=0.004554979999999986, raw_dist={"0.2":2000.58,"0.5":2065.75,"0.8":2133.21,"0.05":1940.89,"0.35":2036.1,"0.65":2096.59,"0.95":2198.39,"0.005":1870.81,"0.995":2277.49}
[2026-03-04T11:02:55.820Z] Aggregator SOL: No distribution/sd found. sd=true, dist=false
[2026-03-04T11:02:55.820Z] Aggregator SOL: No distribution/sd found. sd=true, dist=false
[2026-03-04T11:02:55.820Z] Aggregator SOL: No distribution/sd found. sd=true, dist=false
[2026-03-04T11:02:55.821Z] Aggregator ETH: condition found: {"type":"between","price1":2200,"price2":2300}, prob=0.04413300557906885, raw_dist={"0.2":2000.58,"0.5":2065.75,"0.8":2133.21,"0.05":1940.89,"0.35":2036.1,"0.65":2096.59,"0.95":2198.39,"0.005":1870.81,"0.995":2277.49}
[2026-03-04T11:02:55.821Z] Aggregator SOL: No distribution/sd found. sd=true, dist=false
[2026-03-04T11:02:55.822Z] Aggregator ETH: condition found: {"type":"between","price1":2000,"price2":2100}, prob=0.4654253077455798, raw_dist={"0.2":2000.58,"0.5":2065.75,"0.8":2133.21,"0.05":1940.89,"0.35":2036.1,"0.65":2096.59,"0.95":2198.39,"0.005":1870.81,"0.995":2277.49}
[2026-03-04T11:02:55.822Z] Aggregator SOL: No distribution/sd found. sd=true, dist=false
[2026-03-04T11:02:55.822Z] Aggregator SOL: No distribution/sd found. sd=true, dist=false
[2026-03-04T11:02:55.823Z] Aggregator SOL: No distribution/sd found. sd=true, dist=false
[2026-03-04T11:02:55.823Z] Aggregator SOL: No distribution/sd found. sd=true, dist=false
[2026-03-04T11:02:55.824Z] Aggregator SOL: No distribution/sd found. sd=true, dist=false
[2026-03-04T11:02:55.824Z] Aggregator SOL: No distribution/sd found. sd=true, dist=false
[2026-03-04T11:02:55.825Z] Aggregator SOL: No distribution/sd found. sd=true, dist=false
[2026-03-04T11:02:55.825Z] Aggregator SOL: No distribution/sd found. sd=true, dist=false
